lib-MaterialDialog/build/outputs/logs/manifest-merger-debug-report.txt
-- Merging decision tree log ---
manifest
ADDED from CA/lib-MaterialDialog/AndroidManifest.xml:1:1-49
INJECTED from CA/lib-MaterialDialog/AndroidManifest.xml:1:1-49
INJECTED from CA/lib-MaterialDialog/AndroidManifest.xml:1:1-49
	package
		ADDED from CA/lib-MaterialDialog/AndroidManifest.xml:1:11-46
		INJECTED from CA/lib-MaterialDialog/AndroidManifest.xml
		INJECTED from CA/lib-MaterialDialog/AndroidManifest.xml